<?xml version="1.0" encoding="UTF-8" ?>
<testsuite failures="0" time="0.012" errors="0" skipped="0" tests="1" name="com.nexr.platform.collector.binary_agent.AppTest">
  <properties>
    <property name="java.runtime.name" value="Java(TM) SE Runtime Environment"/>
    <property name="sun.boot.library.path" value="/System/Library/Java/JavaVirtualMachines/1.6.0.jdk/Contents/Libraries"/>
    <property name="java.vm.version" value="20.4-b02-402"/>
    <property name="awt.nativeDoubleBuffering" value="true"/>
    <property name="gopherProxySet" value="false"/>
    <property name="mrj.build" value="11D50d"/>
    <property name="java.vm.vendor" value="Apple Inc."/>
    <property name="java.vendor.url" value="http://www.apple.com/"/>
    <property name="path.separator" value=":"/>
    <property name="java.vm.name" value="Java HotSpot(TM) 64-Bit Server VM"/>
    <property name="file.encoding.pkg" value="sun.io"/>
    <property name="user.country" value="KR"/>
    <property name="sun.java.launcher" value="SUN_STANDARD"/>
    <property name="sun.os.patch.level" value="unknown"/>
    <property name="java.vm.specification.name" value="Java Virtual Machine Specification"/>
    <property name="user.dir" value="/Users/ryan/workspaces/dev-nexr-collector/binary-agent"/>
    <property name="java.runtime.version" value="1.6.0_29-b11-402-11D50d"/>
    <property name="java.awt.graphicsenv" value="apple.awt.CGraphicsEnvironment"/>
    <property name="basedir" value="/Users/ryan/workspaces/dev-nexr-collector/binary-agent"/>
    <property name="java.endorsed.dirs" value="/System/Library/Java/JavaVirtualMachines/1.6.0.jdk/Contents/Home/lib/endorsed"/>
    <property name="os.arch" value="x86_64"/>
    <property name="surefire.real.class.path" value="/Users/ryan/workspaces/dev-nexr-collector/binary-agent/target/surefire/surefirebooter849008133329508779.jar"/>
    <property name="java.io.tmpdir" value="/var/folders/ft/cvbr35412qlb2r4tfwlq11nc0000gn/T/"/>
    <property name="line.separator" value="
"/>
    <property name="java.vm.specification.vendor" value="Sun Microsystems Inc."/>
    <property name="os.name" value="Mac OS X"/>
    <property name="sun.jnu.encoding" value="EUC_KR"/>
    <property name="java.library.path" value=".:/Library/Java/Extensions:/System/Library/Java/Extensions:/usr/lib/java"/>
    <property name="surefire.test.class.path" value="/Users/ryan/workspaces/dev-nexr-collector/binary-agent/target/test-classes:/Users/ryan/workspaces/dev-nexr-collector/binary-agent/target/classes:/Users/ryan/.m2/repository/junit/junit/3.8.1/junit-3.8.1.jar:/Users/ryan/.m2/repository/org/apache/hadoop/hadoop-core/0.20.2-cdh3u2/hadoop-core-0.20.2-cdh3u2.jar:/Users/ryan/.m2/repository/log4j/log4j/1.2.14/log4j-1.2.14.jar:/Users/ryan/.m2/repository/commons-cli/commons-cli/1.2/commons-cli-1.2.jar:/Users/ryan/.m2/repository/com/jcraft/jsch/0.1.46/jsch-0.1.46.jar:/Users/ryan/.m2/repository/commons-net/commons-net/2.0/commons-net-2.0.jar:/Users/ryan/.m2/repository/org/apache/zookeeper/zookeeper/3.3.4/zookeeper-3.3.4.jar:/Users/ryan/.m2/repository/jline/jline/0.9.94/jline-0.9.94.jar:/Users/ryan/.m2/repository/ndap-coordinator/ndap-coordinator/1.1.0.1000-b8/ndap-coordinator-1.1.0.1000-b8.jar:/Users/ryan/.m2/repository/org/codehaus/jackson/jackson-mapper-asl/1.7.7/jackson-mapper-asl-1.7.7.jar:/Users/ryan/.m2/repository/org/codehaus/jackson/jackson-core-asl/1.7.7/jackson-core-asl-1.7.7.jar:/Users/ryan/.m2/repository/org/slf4j/slf4j-api/1.6.1/slf4j-api-1.6.1.jar:"/>
    <property name="java.specification.name" value="Java Platform API Specification"/>
    <property name="java.class.version" value="50.0"/>
    <property name="sun.management.compiler" value="HotSpot 64-Bit Tiered Compilers"/>
    <property name="os.version" value="10.7.3"/>
    <property name="http.nonProxyHosts" value="local|*.local|169.254/16|*.169.254/16"/>
    <property name="user.home" value="/Users/ryan"/>
    <property name="user.timezone" value=""/>
    <property name="java.awt.printerjob" value="apple.awt.CPrinterJob"/>
    <property name="java.specification.version" value="1.6"/>
    <property name="file.encoding" value="EUC_KR"/>
    <property name="user.name" value="ryan"/>
    <property name="java.class.path" value="/Users/ryan/workspaces/dev-nexr-collector/binary-agent/target/test-classes:/Users/ryan/workspaces/dev-nexr-collector/binary-agent/target/classes:/Users/ryan/.m2/repository/junit/junit/3.8.1/junit-3.8.1.jar:/Users/ryan/.m2/repository/org/apache/hadoop/hadoop-core/0.20.2-cdh3u2/hadoop-core-0.20.2-cdh3u2.jar:/Users/ryan/.m2/repository/log4j/log4j/1.2.14/log4j-1.2.14.jar:/Users/ryan/.m2/repository/commons-cli/commons-cli/1.2/commons-cli-1.2.jar:/Users/ryan/.m2/repository/com/jcraft/jsch/0.1.46/jsch-0.1.46.jar:/Users/ryan/.m2/repository/commons-net/commons-net/2.0/commons-net-2.0.jar:/Users/ryan/.m2/repository/org/apache/zookeeper/zookeeper/3.3.4/zookeeper-3.3.4.jar:/Users/ryan/.m2/repository/jline/jline/0.9.94/jline-0.9.94.jar:/Users/ryan/.m2/repository/ndap-coordinator/ndap-coordinator/1.1.0.1000-b8/ndap-coordinator-1.1.0.1000-b8.jar:/Users/ryan/.m2/repository/org/codehaus/jackson/jackson-mapper-asl/1.7.7/jackson-mapper-asl-1.7.7.jar:/Users/ryan/.m2/repository/org/codehaus/jackson/jackson-core-asl/1.7.7/jackson-core-asl-1.7.7.jar:/Users/ryan/.m2/repository/org/slf4j/slf4j-api/1.6.1/slf4j-api-1.6.1.jar:"/>
    <property name="java.vm.specification.version" value="1.0"/>
    <property name="sun.arch.data.model" value="64"/>
    <property name="java.home" value="/System/Library/Java/JavaVirtualMachines/1.6.0.jdk/Contents/Home"/>
    <property name="sun.java.command" value="/Users/ryan/workspaces/dev-nexr-collector/binary-agent/target/surefire/surefirebooter849008133329508779.jar /Users/ryan/workspaces/dev-nexr-collector/binary-agent/target/surefire/surefire2502279331409342563tmp /Users/ryan/workspaces/dev-nexr-collector/binary-agent/target/surefire/surefire2593700624631160876tmp"/>
    <property name="java.specification.vendor" value="Sun Microsystems Inc."/>
    <property name="user.language" value="ko"/>
    <property name="awt.toolkit" value="apple.awt.CToolkit"/>
    <property name="java.vm.info" value="mixed mode"/>
    <property name="java.version" value="1.6.0_29"/>
    <property name="java.ext.dirs" value="/Library/Java/Extensions:/System/Library/Java/Extensions:/System/Library/Java/JavaVirtualMachines/1.6.0.jdk/Contents/Home/lib/ext"/>
    <property name="sun.boot.class.path" value="/System/Library/Java/JavaVirtualMachines/1.6.0.jdk/Contents/Classes/jsfd.jar:/System/Library/Java/JavaVirtualMachines/1.6.0.jdk/Contents/Classes/classes.jar:/System/Library/Frameworks/JavaVM.framework/Frameworks/JavaRuntimeSupport.framework/Resources/Java/JavaRuntimeSupport.jar:/System/Library/Java/JavaVirtualMachines/1.6.0.jdk/Contents/Classes/ui.jar:/System/Library/Java/JavaVirtualMachines/1.6.0.jdk/Contents/Classes/laf.jar:/System/Library/Java/JavaVirtualMachines/1.6.0.jdk/Contents/Classes/sunrsasign.jar:/System/Library/Java/JavaVirtualMachines/1.6.0.jdk/Contents/Classes/jsse.jar:/System/Library/Java/JavaVirtualMachines/1.6.0.jdk/Contents/Classes/jce.jar:/System/Library/Java/JavaVirtualMachines/1.6.0.jdk/Contents/Classes/charsets.jar"/>
    <property name="java.vendor" value="Apple Inc."/>
    <property name="localRepository" value="/Users/ryan/.m2/repository"/>
    <property name="file.separator" value="/"/>
    <property name="java.vendor.url.bug" value="http://bugreport.apple.com/"/>
    <property name="sun.cpu.endian" value="little"/>
    <property name="sun.io.unicode.encoding" value="UnicodeLittle"/>
    <property name="mrj.version" value="1070.1.6.0_29-402"/>
    <property name="socksNonProxyHosts" value="local|*.local|169.254/16|*.169.254/16"/>
    <property name="ftp.nonProxyHosts" value="local|*.local|169.254/16|*.169.254/16"/>
    <property name="sun.cpu.isalist" value=""/>
  </properties>
  <testcase time="0.001" classname="com.nexr.platform.collector.binary_agent.AppTest" name="testApp"/>
</testsuite>